TN:
SF:src\components\CriarLembrete.jsx
FN:5,(anonymous_0)
FN:10,(anonymous_1)
FN:15,(anonymous_2)
FN:28,(anonymous_3)
FN:33,(anonymous_4)
FN:35,(anonymous_5)
FNF:6
FNH:5
FNDA:12,(anonymous_0)
FNDA:5,(anonymous_1)
FNDA:3,(anonymous_2)
FNDA:1,(anonymous_3)
FNDA:0,(anonymous_4)
FNDA:1,(anonymous_5)
DA:5,1
DA:6,12
DA:7,12
DA:8,12
DA:10,12
DA:11,5
DA:12,5
DA:15,12
DA:16,3
DA:17,1
DA:18,1
DA:21,2
DA:27,2
DA:29,1
DA:30,1
DA:31,1
DA:32,1
DA:33,1
DA:36,1
DA:37,1
DA:38,1
DA:39,1
DA:43,12
LF:23
LH:23
BRDA:16,0,0,1
BRDA:16,0,1,2
BRDA:16,1,0,3
BRDA:16,1,1,2
BRDA:24,2,0,2
BRDA:24,2,1,1
BRDA:36,3,0,1
BRDA:36,3,1,0
BRDA:37,4,0,1
BRDA:37,4,1,1
BRDA:66,5,0,12
BRDA:66,5,1,2
BRDA:67,6,0,12
BRDA:67,6,1,1
BRF:14
BRH:13
end_of_record
TN:
SF:src\components\ListarLembretes.jsx
FN:4,(anonymous_0)
FN:5,(anonymous_1)
FN:14,(anonymous_2)
FN:18,(anonymous_3)
FN:26,(anonymous_4)
FNF:5
FNH:5
FNDA:4,(anonymous_0)
FNDA:9,(anonymous_1)
FNDA:6,(anonymous_2)
FNDA:9,(anonymous_3)
FNDA:1,(anonymous_4)
DA:4,1
DA:5,4
DA:6,9
DA:7,9
DA:8,9
DA:9,9
DA:12,4
DA:15,6
DA:19,9
DA:26,1
LF:10
LH:10
BRDA:7,0,0,9
BRDA:7,0,1,6
BRF:2
BRH:2
end_of_record
